<testsuites id="" name="" tests="2" failures="2" skipped="0" errors="0" time="28.670289">
<testsuite name="agent-smart-e2e.spec.ts" timestamp="2026-01-28T08:17:30.007Z" hostname="chromium" tests="2" failures="2" skipped="0" time="23.332" errors="0">
<testcase name="数字员工完整流程 E2E 测试 › 完整流程：创建→上线→侧边栏→对话" classname="agent-smart-e2e.spec.ts" time="11.275">
<failure message="agent-smart-e2e.spec.ts:73:7 完整流程：创建→上线→侧边栏→对话" type="FAILURE">
<![CDATA[  [chromium] › agent-smart-e2e.spec.ts:73:7 › 数字员工完整流程 E2E 测试 › 完整流程：创建→上线→侧边栏→对话 ──────────────────

    Error: page.textContent: selector: expected string, got undefined

      135 |
      136 |     // 检查页面内容
    > 137 |     const pageContent = await page.textContent();
          |                                    ^
      138 |     const hasAgentName = pageContent.includes(agentData.display_name);
      139 |
      140 |     console.log(`页面中是否包含 Agent 名称: ${hasAgentName}`);
        at /data1/allresearchProject/Bright-Chat/e2e-tests/tests/agent-smart-e2e.spec.ts:137:36

    attachment #1: screenshot (image/png) ──────────────────────────────────────────────────────────
    ../test-results/agent-smart-e2e-数字员工完整流程-E2E-测试-完整流程：创建→上线→侧边栏→对话-chromium/test-failed-1.png
    ────────────────────────────────────────────────────────────────────────────────────────────────

    attachment #2: video (video/webm) ──────────────────────────────────────────────────────────────
    ../test-results/agent-smart-e2e-数字员工完整流程-E2E-测试-完整流程：创建→上线→侧边栏→对话-chromium/video.webm
    ────────────────────────────────────────────────────────────────────────────────────────────────

    Error Context: ../test-results/agent-smart-e2e-数字员工完整流程-E2E-测试-完整流程：创建→上线→侧边栏→对话-chromium/error-context.md
]]>
</failure>
<system-out>
<![CDATA[✅ API token 获取成功
当前 URL: http://localhost:3000/
📍 执行登录
✅ 登录成功
📍 步骤 2: 创建测试 Agent
✅ Agent 创建成功: 3efe22a7-c6f8-4aa9-ac38-20e72f43a3bd
   名称: 流程测试Agent 259108
   状态: 上线
📍 步骤 3: 上线 Agent
✅ Agent 上线成功
📍 步骤 4: 验证侧边栏显示
✅ 清理测试 Agent 完成

[[ATTACHMENT|test-results/agent-smart-e2e-数字员工完整流程-E2E-测试-完整流程：创建→上线→侧边栏→对话-chromium/test-failed-1.png]]

[[ATTACHMENT|test-results/agent-smart-e2e-数字员工完整流程-E2E-测试-完整流程：创建→上线→侧边栏→对话-chromium/video.webm]]

[[ATTACHMENT|test-results/agent-smart-e2e-数字员工完整流程-E2E-测试-完整流程：创建→上线→侧边栏→对话-chromium/error-context.md]]
]]>
</system-out>
</testcase>
<testcase name="数字员工完整流程 E2E 测试 › 验证侧边栏 Agent 列表刷新" classname="agent-smart-e2e.spec.ts" time="12.057">
<failure message="agent-smart-e2e.spec.ts:220:7 验证侧边栏 Agent 列表刷新" type="FAILURE">
<![CDATA[  [chromium] › agent-smart-e2e.spec.ts:220:7 › 数字员工完整流程 E2E 测试 › 验证侧边栏 Agent 列表刷新 ──────────────────

    Error: page.textContent: selector: expected string, got undefined

      260 |
      261 |         // 检查是否有 Agent 列表
    > 262 |         const pageText = await page.textContent();
          |                                     ^
      263 |         if (pageText.includes('Agent') || pageText.includes('助手') || pageText.includes('员工')) {
      264 |           // 粗略统计
      265 |           const match = pageText.match(/Agent|助手|员工/g);
        at /data1/allresearchProject/Bright-Chat/e2e-tests/tests/agent-smart-e2e.spec.ts:262:37

    attachment #1: screenshot (image/png) ──────────────────────────────────────────────────────────
    ../test-results/agent-smart-e2e-数字员工完整流程-E2E-测试-验证侧边栏-Agent-列表刷新-chromium/test-failed-1.png
    ────────────────────────────────────────────────────────────────────────────────────────────────

    attachment #2: video (video/webm) ──────────────────────────────────────────────────────────────
    ../test-results/agent-smart-e2e-数字员工完整流程-E2E-测试-验证侧边栏-Agent-列表刷新-chromium/video.webm
    ────────────────────────────────────────────────────────────────────────────────────────────────

    Error Context: ../test-results/agent-smart-e2e-数字员工完整流程-E2E-测试-验证侧边栏-Agent-列表刷新-chromium/error-context.md
]]>
</failure>
<system-out>
<![CDATA[✅ API token 获取成功
📍 验证侧边栏刷新
当前 URL: http://localhost:3000/
📍 执行登录
✅ 登录成功
API 返回 3 个上线的 Agent
找到 1 个 "button:has-text("数字员工")" 元素

[[ATTACHMENT|test-results/agent-smart-e2e-数字员工完整流程-E2E-测试-验证侧边栏-Agent-列表刷新-chromium/test-failed-1.png]]

[[ATTACHMENT|test-results/agent-smart-e2e-数字员工完整流程-E2E-测试-验证侧边栏-Agent-列表刷新-chromium/video.webm]]

[[ATTACHMENT|test-results/agent-smart-e2e-数字员工完整流程-E2E-测试-验证侧边栏-Agent-列表刷新-chromium/error-context.md]]
]]>
</system-out>
</testcase>
</testsuite>
</testsuites>